<?xml version="1.0" encoding="UTF-8"?>
<coverage generated="1697129164580" clover="3.2.0">
  <project timestamp="1697129164580" name="All files">
    <metrics statements="7" coveredstatements="7" conditionals="4" coveredconditionals="4" methods="3" coveredmethods="3" elements="14" coveredelements="14" complexity="0" loc="7" ncloc="7" packages="1" files="2" classes="2"/>
    <file name="person.js" path="D:\Code\Progect\Homework\test-ci\src\person.js">
      <metrics statements="6" coveredstatements="6" conditionals="4" coveredconditionals="4" methods="1" coveredmethods="1"/>
      <line num="2" count="3" type="stmt"/>
      <line num="3" count="3" type="cond" truecount="2" falsecount="0"/>
      <line num="4" count="1" type="stmt"/>
      <line num="5" count="2" type="cond" truecount="2" falsecount="0"/>
      <line num="6" count="1" type="stmt"/>
      <line num="8" count="1" type="stmt"/>
    </file>
    <file name="sortHero.js" path="D:\Code\Progect\Homework\test-ci\src\sortHero.js">
      <metrics statements="1" coveredstatements="1" conditionals="0" coveredconditionals="0" methods="2" coveredmethods="2"/>
      <line num="2" count="4" type="stmt"/>
    </file>
  </project>
</coverage>
