TN:
SF:src\ArrayBuffer.js
FN:1,getBuffer
FN:3,(anonymous_1)
FN:14,(anonymous_2)
FN:18,(anonymous_3)
FN:22,(anonymous_4)
FNF:5
FNH:5
FNDA:2,getBuffer
FNDA:2,(anonymous_1)
FNDA:3,(anonymous_2)
FNDA:2,(anonymous_3)
FNDA:2,(anonymous_4)
DA:2,2
DA:3,2
DA:4,2
DA:5,2
DA:6,2
DA:7,106
DA:9,2
DA:15,3
DA:19,2
DA:23,2
DA:24,1
DA:27,1
DA:28,1
DA:29,1
DA:30,53
DA:32,1
LF:16
LH:16
BRDA:23,0,0,1
BRDA:23,0,1,1
BRF:2
BRH:2
end_of_record
TN:
SF:src\craracter.js
FN:2,(anonymous_0)
FN:21,(anonymous_1)
FN:32,(anonymous_2)
FNF:3
FNH:1
FNDA:5,(anonymous_0)
FNDA:0,(anonymous_1)
FNDA:0,(anonymous_2)
DA:3,5
DA:4,0
DA:6,5
DA:7,0
DA:9,5
DA:10,5
DA:11,0
DA:13,5
DA:14,5
DA:15,5
DA:16,5
DA:17,5
DA:18,5
DA:22,0
DA:23,0
DA:25,0
DA:26,0
DA:27,0
DA:28,0
DA:33,0
DA:34,0
DA:35,0
DA:36,0
DA:37,0
LF:24
LH:10
BRDA:3,0,0,0
BRDA:3,0,1,5
BRDA:6,1,0,0
BRDA:6,1,1,5
BRDA:6,2,0,5
BRDA:6,2,1,5
BRDA:10,3,0,0
BRDA:10,3,1,5
BRDA:22,4,0,0
BRDA:22,4,1,0
BRDA:33,5,0,0
BRDA:33,5,1,0
BRDA:36,6,0,0
BRDA:36,6,1,0
BRF:14
BRH:5
end_of_record
TN:
SF:src\daemon.js
FN:4,(anonymous_0)
FN:12,(anonymous_1)
FN:16,(anonymous_2)
FN:20,(anonymous_3)
FN:31,(anonymous_4)
FNF:5
FNH:5
FNDA:5,(anonymous_0)
FNDA:8,(anonymous_1)
FNDA:10,(anonymous_2)
FNDA:4,(anonymous_3)
FNDA:11,(anonymous_4)
DA:5,5
DA:6,5
DA:7,5
DA:8,5
DA:9,5
DA:13,8
DA:17,10
DA:21,4
DA:22,4
DA:23,1
DA:25,4
DA:26,0
DA:28,4
DA:32,11
LF:14
LH:13
BRDA:22,0,0,1
BRDA:22,0,1,3
BRDA:25,1,0,0
BRDA:25,1,1,4
BRF:4
BRH:3
end_of_record
